[debug] [2019-04-15T23:19:07.463Z] ----------------------------------------------------------------------
[debug] [2019-04-15T23:19:07.465Z] Command:       /usr/bin/node /usr/bin/firebase serve
[debug] [2019-04-15T23:19:07.466Z] CLI Version:   6.6.0
[debug] [2019-04-15T23:19:07.466Z] Platform:      linux
[debug] [2019-04-15T23:19:07.466Z] Node Version:  v10.15.3
[debug] [2019-04-15T23:19:07.466Z] Time:          Mon Apr 15 2019 19:19:07 GMT-0400 (Eastern Daylight Time)
[debug] [2019-04-15T23:19:07.466Z] ----------------------------------------------------------------------
[debug] 
[debug] [2019-04-15T23:19:07.474Z] > command requires scopes: ["email","openid","https://www.googleapis.com/auth/cloudplatformprojects.readonly","https://www.googleapis.com/auth/firebase","https://www.googleapis.com/auth/cloud-platform"]
[debug] [2019-04-15T23:19:07.474Z] > authorizing via signed-in user
[debug] [2019-04-15T23:19:07.474Z] [iam] checking project ratemydiy-9453b for permissions ["firebase.projects.get"]
[debug] [2019-04-15T23:19:07.476Z] >>> HTTP REQUEST POST https://cloudresourcemanager.googleapis.com/v1/projects/ratemydiy-9453b:testIamPermissions  

[debug] [2019-04-15T23:19:07.822Z] <<< HTTP RESPONSE 200
[debug] [2019-04-15T23:19:07.824Z] >>> HTTP REQUEST GET https://cloudresourcemanager.googleapis.com/v1/projects/ratemydiy-9453b  
 
[debug] [2019-04-15T23:19:08.100Z] <<< HTTP RESPONSE 200
[info] 
[info] === Serving from '/home/angelon/CSPT2/labspt2-rate-my-diy/client'...
[info] 
[debug] [2019-04-15T23:19:08.108Z] >>> HTTP REQUEST GET https://mobilesdk-pa.googleapis.com/v1/projects/714087561173/clients/_:getWebAppConfig  
 
[debug] [2019-04-15T23:19:08.574Z] <<< HTTP RESPONSE 200
[info] i  hosting: Serving hosting files from: build
[info] ✔  hosting: Local server: http://localhost:5000
